<?xml version="1.0" encoding="UTF-8"?>
<!-- Generated by org.testng.reporters.JUnitReportReporter -->
<testsuite hostname="Pratik" failures="0" tests="1" name="SDET201_Assignment_4.iframes" time="1.078" errors="0" timestamp="2024-07-07T11:43:26 IST" skipped="0">
  <testcase classname="SDET201_Assignment_4.iframes" name="frames" time="1.078"/>
  <system-out/>
</testsuite> <!-- SDET201_Assignment_4.iframes -->
