<?xml version="1.0" encoding="UTF-8"?>
<!-- Generated by org.testng.reporters.JUnitReportReporter -->
<testsuite hostname="Pratik" failures="0" tests="1" name="SDET201_Assignment_4.alert" time="6.653" errors="0" timestamp="2024-07-07T10:50:36 IST" skipped="0">
  <testcase classname="SDET201_Assignment_4.alert" name="alertt" time="6.653"/>
  <system-out/>
</testsuite> <!-- SDET201_Assignment_4.alert -->
